\BOOKMARK [0][-]{chapter.1}{PROG}{}% 1
\BOOKMARK [1][-]{section.1.1}{Logick\375 program - struktura, z\341kladn\355 pojmy, datov\341 struktura seznam, pr\341ce s datab\341z\355 Prologu. Hlavn\355 odli\235nosti oproti procedur\341ln\355mu programov\341n\355, mo\236nosti pou\236it\355 neprocedur\341ln\355ho programovac\355ho jazyka.}{chapter.1}% 2
\BOOKMARK [1][-]{section.1.2}{Datab\341ze, datab\341zov\375 syst\351m. Hlavn\355 funkce DBS. Historick\375 v\375voj DBS. Modely dat. Relacn\355 algebra: projekce, selekce, spojen\355. SQL.}{chapter.1}% 3
\BOOKMARK [1][-]{section.1.3}{Konceptu\341ln\355 modelov\341n\355. E-R model a jeho grafick\351 zn\341zornen\355. Relacn\355 model. Typy vztahu mezi entitami a jejich reprezentace v relacn\355m modelu. Vlastnosti relacn\355 tabulky. Norm\341ln\355 formy relacn\355ho sch\351matu.}{chapter.1}% 4
\BOOKMARK [1][-]{section.1.4}{Ontologick\351 in\236en\375rstv\355: pojem ontologie v kontextu informatiky, z\341kladn\355 stavebn\355 prvky ontologi\355, typy ontologi\355, jazyky ontologick\351ho modelov\341n\355, n\341vrhov\351 vzory, normalizace ontologie. Odvozov\341n\355 nad ontologi\355 \(kontrola konzistence, klasifikace\), n\341stroje, pou\236it\355 ontologi\355.}{chapter.1}% 5
\BOOKMARK [1][-]{section.1.5}{S\351mantick\375 web: technologie s\351mantick\351ho webu, metadata, RDF, RDFS, OWL, dotazov\341n\355 se na s\351mantick\375 web \(v\375znam, jazyky\), s\351mantick\375 web a odvozov\341n\355 \(v\375znam, jazyky\), aplikace s\351mantick\351ho webu.}{chapter.1}% 6
\BOOKMARK [1][-]{section.1.6}{N\341metov\351 mapy: standard Topic Maps a jeho souc\341sti, z\341kladn\355 stavebn\355 prvky n\341metov\351 mapy, postup tvorby n\341metov\351 mapy, implementace n\341metov\375ch map \(prostred\355, syntaxe\), dotazov\341n\355 se na n\341metov\351 mapy, odvozov\341n\355 s n\341metov\375mi mapami, aplikace n\341metov\375ch map.}{chapter.1}% 7
\BOOKMARK [1][-]{section.1.7}{Objektov\351 modelov\341n\355 a programov\341n\355 - z\341kladn\355 pojmy, podstata, vyu\236it\355. Softwarov\375 proces. UML. Ud\341lostmi r\355zen\351 programov\341n\355. Architektura MVC.}{chapter.1}% 8
\BOOKMARK [2][-]{subsection.1.7.1}{Ud\341lostmi r\355zen\351 programov\341n\355 - Event-driven programming}{section.1.7}% 9
\BOOKMARK [1][-]{section.1.8}{Pr\341ce s kolekcemi \205 typy kolekc\355, pr\355klady pou\236it\355, algoritmy pracuj\355c\355 nad kolekcemi \(razen\355, vyhled\341v\341n\355\), z\341kladn\355 principy implementace ve zvolen\351m programovac\355m jazyce.}{chapter.1}% 10
\BOOKMARK [1][-]{section.1.9}{Problematika perzistentn\355ho \(trval\351ho\) ukl\341d\341n\355 dat ve vybran\351m programovac\355m jazyce.}{chapter.1}% 11
\BOOKMARK [1][-]{section.1.10}{Webov\351 aplikace \205 principy, n\341stroje. V\355cevrstv\351 aplikace. Zabezpecen\355 aplikace.}{chapter.1}% 12
\BOOKMARK [1][-]{section.1.11}{Z\341kladn\355 algoritmy a principy poc\355tacov\351 grafiky \205 metody vizualizace, urcen\355 viditelnosti a osvetlen\355, reprezentace grafick\351 informace, OPENGL.}{chapter.1}% 13
\BOOKMARK [1][-]{section.1.12}{Z\341klady zpracov\341n\355 obrazu a poc\355tacov\351ho rozpozn\341v\341n\355 \205 metody sn\355m\341n\355, predzpracov\341n\355, segmentace a klasifikace obrazu, form\341ty pro ukl\341d\341n\355 rastrov\351ho obrazu, komprese, barva a barevn\351 modely.}{chapter.1}% 14
\BOOKMARK [1][-]{section.1.13}{Algoritmy pracuj\355c\355 s grafy. Prohled\341v\341n\355 grafu do hloubky a do \235\355rky, vyu\236it\355 prohled\341v\341n\355 grafu v dal\235\355ch \372loh\341ch.}{chapter.1}% 15
\BOOKMARK [0][-]{chapter.2}{TECH}{}% 16
\BOOKMARK [1][-]{section.2.1}{Principy poc\355tacu \(historick\375 v\375voj, predpoklady fungov\341n\355, bin\341rn\355 logika, modulace sign\341lu\).}{chapter.2}% 17
\BOOKMARK [1][-]{section.2.2}{2. Architektura poc\355tace \(von Neumannovo a Harwardsk\351 sch\351ma, Flynnova taxonomie, z\341kladn\355 deska, procesor, mikroarchitektura procesoru, pameti, sbernice, radic, pr\355davn\351 karty, ovladace\).}{chapter.2}% 18
\BOOKMARK [1][-]{section.2.3}{Pametov\375 syst\351m poc\355tace a ukl\341d\341n\355 dat \(typy, principy fungov\341n\355, frekvence, normy, logick\341 a fyzick\341 struktura disku, RAM, ROM, Cache, HDD, CD, DVD, FLASH\203\)}{chapter.2}% 19
\BOOKMARK [1][-]{section.2.4}{Architektura perifern\355ch zar\355zen\355 \(rozdelen\355, principy, funkce, typy, rozhran\355, pr\355klady\)}{chapter.2}% 20
\BOOKMARK [1][-]{section.2.5}{Servery a pracovn\355 stanice \(rozd\355ly, krit\351ria v\375beru, role serveru, serverov\351 technologie, z\341lohov\341n\355 dat vcetne RAID\)}{chapter.2}% 21
\BOOKMARK [1][-]{section.2.6}{Komunikacn\355 prostredky \(principy komunikace, modulace sign\341lu, rozdelen\355 a porovn\341n\355, m\351dia, mobiln\355 technologie\)}{chapter.2}% 22
\BOOKMARK [1][-]{section.2.7}{ETHERNET \(principy fungov\341n\355, v\375voj a topologie, pr\355stupov\341 metoda, s\355tov\341 karta, strukturovan\341 kabel\341\236\)}{chapter.2}% 23
\BOOKMARK [1][-]{section.2.8}{RM ISO/OSI, TCP/IP \(popis a srovn\341n\355, funkce z\341sadn\355ch protokolu, IP adresy\)}{chapter.2}% 24
\BOOKMARK [1][-]{section.2.9}{Internet \(organizacn\355 struktura, v\375voj, RFC dokumenty, dom\351ny, technick\351 predpoklady pro pripojen\355, hrozby\)}{chapter.2}% 25
\BOOKMARK [1][-]{section.2.10}{Smerov\341n\355 \(z\341kladn\355 principy, smerovac\355 protokoly, smerovac\355 algoritmy, smerovace\)}{chapter.2}% 26
\BOOKMARK [1][-]{section.2.11}{Propojov\341n\355 a management s\355t\355 \(prenosov\341 m\351dia, technologie pro ruzn\351 vrstvy, WIFI, VPN, syst\351my pro vzd\341len\375 pr\355stup, re\235en\355 zalo\236en\341 na SNMP\)}{chapter.2}% 27
\BOOKMARK [1][-]{section.2.12}{Principy operacn\355ch syst\351mu \(z\341kladn\355 rozdelen\355, druhy operacn\355ch syst\351mu, procesy, spr\341va procesu a syst\351mov\375ch zdroju, u\236ivatelsk\341 rozhran\355\).}{chapter.2}% 28
\BOOKMARK [1][-]{section.2.13}{Souborov\351 syst\351my a logick\341 struktura dat \(principy, porovn\341n\355, pr\355klady\).}{chapter.2}% 29
\BOOKMARK [1][-]{section.2.14}{Operacn\355 syst\351my Windows \(principy MS DOS, MS Windows, architektura, verze, funkce, rozd\355ly\).}{chapter.2}% 30
\BOOKMARK [1][-]{section.2.15}{Operacn\355 syst\351my Unix, Linux, BSD, MacOS \(z\341kladn\355 my\235lenky, v\375hody a nev\375hody, open-source, vznik a v\375voj, licence, distribuce, z\341klady ovl\341d\341n\355 - shell, rozd\355ly, historie a v\375voj\)}{chapter.2}% 31
\BOOKMARK [1][-]{section.2.16}{Serverov\351 operacn\355 syst\351my \(specifika serverov\375ch operacn\355ch syst\351mu, rozd\355ly mezi OS pro osobn\355 poc\355tac a pro server, serverov\351 slu\236by, spr\341va u\236ivatelu\)}{chapter.2}% 32
\BOOKMARK [0][-]{chapter*.2}{Seznam zdroju}{}% 33
